Using pre-set license
Built from '2022.3/release' branch; Version is '2022.3.20f1 (61c2feb0970d) revision 6406910'; Using compiler version '192829333'; Build Type 'Release'
OS: 'Windows 10  (10.0.19045) 64bit Professional' Language: 'ko' Physical Memory: 16343 MB
BatchMode: 1, IsHumanControllingUs: 0, StartBugReporterOnCrash: 0, Is64bit: 1, IsPro: 1

COMMAND LINE ARGUMENTS:
C:\Program Files\Unity\Hub\Editor\2022.3.20f1\Editor\Unity.exe
-adb2
-batchMode
-noUpm
-name
AssetImportWorker0
-projectPath
C:/Users/user/Meta Space
-logFile
Logs/AssetImportWorker0.log
-srvPort
51347
Successfully changed project path to: C:/Users/user/Meta Space
C:/Users/user/Meta Space
[UnityMemory] Configuration Parameters - Can be set up in boot.config
    "memorysetup-bucket-allocator-granularity=16"
    "memorysetup-bucket-allocator-bucket-count=8"
    "memorysetup-bucket-allocator-block-size=33554432"
    "memorysetup-bucket-allocator-block-count=8"
    "memorysetup-main-allocator-block-size=16777216"
    "memorysetup-thread-allocator-block-size=16777216"
    "memorysetup-gfx-main-allocator-block-size=16777216"
    "memorysetup-gfx-thread-allocator-block-size=16777216"
    "memorysetup-cache-allocator-block-size=4194304"
    "memorysetup-typetree-allocator-block-size=2097152"
    "memorysetup-profiler-bucket-allocator-granularity=16"
    "memorysetup-profiler-bucket-allocator-bucket-count=8"
    "memorysetup-profiler-bucket-allocator-block-size=33554432"
    "memorysetup-profiler-bucket-allocator-block-count=8"
    "memorysetup-profiler-allocator-block-size=16777216"
    "memorysetup-profiler-editor-allocator-block-size=1048576"
    "memorysetup-temp-allocator-size-main=16777216"
    "memorysetup-job-temp-allocator-block-size=2097152"
    "memorysetup-job-temp-allocator-block-size-background=1048576"
    "memorysetup-job-temp-allocator-reduction-small-platforms=262144"
    "memorysetup-allocator-temp-initial-block-size-main=262144"
    "memorysetup-allocator-temp-initial-block-size-worker=262144"
    "memorysetup-temp-allocator-size-background-worker=32768"
    "memorysetup-temp-allocator-size-job-worker=262144"
    "memorysetup-temp-allocator-size-preload-manager=33554432"
    "memorysetup-temp-allocator-size-nav-mesh-worker=65536"
    "memorysetup-temp-allocator-size-audio-worker=65536"
    "memorysetup-temp-allocator-size-cloud-worker=32768"
    "memorysetup-temp-allocator-size-gi-baking-worker=262144"
    "memorysetup-temp-allocator-size-gfx=262144"
Player connection [18812] Host "[IP] 192.168.219.102 [Port] 0 [Flags] 2 [Guid] 812687529 [EditorId] 812687529 [Version] 1048832 [Id] WindowsEditor(7,DESKTOP-115HUC9) [Debug] 1 [PackageName] WindowsEditor [ProjectName] Editor" joined multi-casting on [225.0.0.222:54997]...

Player connection [18812] Host "[IP] 192.168.219.102 [Port] 0 [Flags] 2 [Guid] 812687529 [EditorId] 812687529 [Version] 1048832 [Id] WindowsEditor(7,DESKTOP-115HUC9) [Debug] 1 [PackageName] WindowsEditor [ProjectName] Editor" joined alternative multi-casting on [225.0.0.222:34997]...

[Physics::Module] Initialized MultithreadedJobDispatcher with 3 workers.
Refreshing native plugins compatible for Editor in 108.28 ms, found 3 plugins.
Preloading 0 native plugins for Editor in 0.00 ms.
Initialize engine version: 2022.3.20f1 (61c2feb0970d)
[Subsystems] Discovering subsystems at path C:/Program Files/Unity/Hub/Editor/2022.3.20f1/Editor/Data/Resources/UnitySubsystems
[Subsystems] Discovering subsystems at path C:/Users/user/Meta Space/Assets
GfxDevice: creating device client; threaded=0; jobified=0
Direct3D:
    Version:  Direct3D 11.0 [level 11.1]
    Renderer: NVIDIA GeForce GTX 1060 3GB (ID=0x1c02)
    Vendor:   NVIDIA
    VRAM:     2979 MB
    Driver:   31.0.15.4633
Initialize mono
Mono path[0] = 'C:/Program Files/Unity/Hub/Editor/2022.3.20f1/Editor/Data/Managed'
Mono path[1] = 'C:/Program Files/Unity/Hub/Editor/2022.3.20f1/Editor/Data/MonoBleedingEdge/lib/mono/unityjit-win32'
Mono config path = 'C:/Program Files/Unity/Hub/Editor/2022.3.20f1/Editor/Data/MonoBleedingEdge/etc'
Using monoOptions --debugger-agent=transport=dt_socket,embedding=1,server=y,suspend=n,address=127.0.0.1:56352
Begin MonoManager ReloadAssembly
Registering precompiled unity dll's ...
Register platform support module: C:/Program Files/Unity/Hub/Editor/2022.3.20f1/Editor/Data/PlaybackEngines/WindowsStandaloneSupport/UnityEditor.WindowsStandalone.Extensions.dll
Registered in 0.146484 seconds.
- Loaded All Assemblies, in  2.407 seconds
Native extension for WindowsStandalone target not found
Mono: successfully reloaded assembly
- Finished resetting the current domain, in  1.310 seconds
Domain Reload Profiling: 3668ms
	BeginReloadAssembly (922ms)
		ExecutionOrderSort (0ms)
		DisableScriptedObjects (0ms)
		BackupInstance (0ms)
		ReleaseScriptingObjects (0ms)
		CreateAndSetChildDomain (1ms)
	RebuildCommonClasses (181ms)
	RebuildNativeTypeToScriptingClass (51ms)
	initialDomainReloadingComplete (447ms)
	LoadAllAssembliesAndSetupDomain (756ms)
		LoadAssemblies (902ms)
		RebuildTransferFunctionScriptingTraits (0ms)
		AnalyzeDomain (742ms)
			TypeCache.Refresh (739ms)
				TypeCache.ScanAssembly (668ms)
			ScanForSourceGeneratedMonoScriptInfo (0ms)
			ResolveRequiredComponents (2ms)
	FinalizeReload (1311ms)
		ReleaseScriptCaches (0ms)
		RebuildScriptCaches (0ms)
		SetupLoadedEditorAssemblies (1058ms)
			LogAssemblyErrors (0ms)
			InitializePlatformSupportModulesInManaged (58ms)
			SetLoadedEditorAssemblies (38ms)
			RefreshPlugins (0ms)
			BeforeProcessingInitializeOnLoad (10ms)
			ProcessInitializeOnLoadAttributes (651ms)
			ProcessInitializeOnLoadMethodAttributes (300ms)
			AfterProcessingInitializeOnLoad (0ms)
			EditorAssembliesLoaded (0ms)
		ExecutionOrderSort2 (0ms)
		AwakeInstancesAfterBackupRestoration (0ms)
========================================================================
Worker process is ready to serve import requests
Begin MonoManager ReloadAssembly
- Loaded All Assemblies, in  4.229 seconds
Refreshing native plugins compatible for Editor in 35.74 ms, found 3 plugins.
Native extension for WindowsStandalone target not found
Package Manager log level set to [2]
[Package Manager] Server::EnsureServerProcessIsRunning -- launch failed, reason: Unity was launched with the -noUpm command-line argument
[Package Manager] UpmClient::Send -- Unable to send message (not connected to UPM process).
[Package Manager] Cannot connect to Unity Package Manager local server
Mono: successfully reloaded assembly
- Finished resetting the current domain, in  2.388 seconds
Domain Reload Profiling: 6524ms
	BeginReloadAssembly (810ms)
		ExecutionOrderSort (0ms)
		DisableScriptedObjects (11ms)
		BackupInstance (0ms)
		ReleaseScriptingObjects (0ms)
		CreateAndSetChildDomain (64ms)
	RebuildCommonClasses (166ms)
	RebuildNativeTypeToScriptingClass (44ms)
	initialDomainReloadingComplete (311ms)
	LoadAllAssembliesAndSetupDomain (2800ms)
		LoadAssemblies (2651ms)
		RebuildTransferFunctionScriptingTraits (0ms)
		AnalyzeDomain (726ms)
			TypeCache.Refresh (641ms)
				TypeCache.ScanAssembly (589ms)
			ScanForSourceGeneratedMonoScriptInfo (68ms)
			ResolveRequiredComponents (15ms)
	FinalizeReload (2394ms)
		ReleaseScriptCaches (0ms)
		RebuildScriptCaches (0ms)
		SetupLoadedEditorAssemblies (1807ms)
			LogAssemblyErrors (0ms)
			InitializePlatformSupportModulesInManaged (31ms)
			SetLoadedEditorAssemblies (6ms)
			RefreshPlugins (0ms)
			BeforeProcessingInitializeOnLoad (328ms)
			ProcessInitializeOnLoadAttributes (1257ms)
			ProcessInitializeOnLoadMethodAttributes (83ms)
			AfterProcessingInitializeOnLoad (100ms)
			EditorAssembliesLoaded (2ms)
		ExecutionOrderSort2 (0ms)
		AwakeInstancesAfterBackupRestoration (57ms)
Launched and connected shader compiler UnityShaderCompiler.exe after 0.19 seconds
Refreshing native plugins compatible for Editor in 85.45 ms, found 3 plugins.
Preloading 0 native plugins for Editor in 0.00 ms.
Unloading 3091 Unused Serialized files (Serialized files now loaded: 0)
Unloading 32 unused Assets / (57.3 KB). Loaded Objects now: 3559.
Memory consumption went from 123.2 MB to 123.1 MB.
Total: 7.719100 ms (FindLiveObjects: 0.555400 ms CreateObjectMapping: 0.412400 ms MarkObjects: 6.637800 ms  DeleteObjects: 0.112200 ms)

AssetImportParameters requested are different than current active one (requested -> active):
  custom:container-demuxer-ogg: 62fdf1f143b41e24485cea50d1cbac27 -> 
  custom:video-decoder-ogg-theora: a1e56fd34408186e4bbccfd4996cb3dc -> 
  custom:framework-win-MediaFoundation: 216162199b28c13a410421893ffa2e32 -> 
  custom:CustomObjectIndexerAttribute: 6d391050e5a25f67b0a2c618074f2cd9 -> 
  custom:container-demuxer-webm: 4f35f7cbe854078d1ac9338744f61a02 -> 
  custom:container-muxer-webm: aa71ff27fc2769a1b78a27578f13a17b -> 
  custom:video-decoder-webm-vp8: 9c59270c3fd7afecdb556c50c9e8de78 -> 
  custom:SearchIndexIgnoredProperties: e643bd26f0fe6173181afceb89e7c659 -> 
  custom:AudioImporter_EditorPlatform: d09bf68614088b80899f8185d706f6e7 -> 
  custom:video-encoder-webm-vp8: eb34c28f22e8b96e1ab97ce403110664 -> 
  custom:audio-decoder-ogg-vorbis: bf7c407c2cedff20999df2af8eb42d56 -> 
  custom:audio-encoder-webm-vorbis: bf7c407c2cedff20999df2af8eb42d56 -> 
========================================================================
Received Import Request.
  Time since last request: 41802.175009 seconds.
  path: Assets/Scenes/DoorGlass.mat
  artifactKey: Guid(190865a48429b044787fd7d6db4f8121) Importer(815301076,1909f56bfc062723c751e8b465ee728b)
Start importing Assets/Scenes/DoorGlass.mat using Guid(190865a48429b044787fd7d6db4f8121) Importer(815301076,1909f56bfc062723c751e8b465ee728b)  -> (artifact id: 'fa685c39e24177421ba049f547db5014') in 0.487394 seconds
Number of updated asset objects reloaded before import = 0
Number of asset objects unloaded after import = 5
========================================================================
Received Import Request.
  Time since last request: 0.000036 seconds.
  path: Assets/Scenes/Box3.mat
  artifactKey: Guid(21b22c55335650e45b687e8409060e85) Importer(815301076,1909f56bfc062723c751e8b465ee728b)
Start importing Assets/Scenes/Box3.mat using Guid(21b22c55335650e45b687e8409060e85) Importer(815301076,1909f56bfc062723c751e8b465ee728b)  -> (artifact id: '82f90dbce55d167434760a0f1d819ba2') in 0.095241 seconds
Number of updated asset objects reloaded before import = 0
Number of asset objects unloaded after import = 6
========================================================================
Received Import Request.
  Time since last request: 0.000696 seconds.
  path: Assets/Scenes/DoorFrame.mat
  artifactKey: Guid(0c6fb470f691f6e439b07b56d6c67e07) Importer(815301076,1909f56bfc062723c751e8b465ee728b)
Start importing Assets/Scenes/DoorFrame.mat using Guid(0c6fb470f691f6e439b07b56d6c67e07) Importer(815301076,1909f56bfc062723c751e8b465ee728b)  -> (artifact id: '51ee94b111d7ff4034eeecfbad56599f') in 0.080272 seconds
Number of updated asset objects reloaded before import = 0
Number of asset objects unloaded after import = 5
========================================================================
Received Import Request.
  Time since last request: 0.000634 seconds.
  path: Assets/Scenes/Bar.mat
  artifactKey: Guid(24199f3d4f18e90478557eb0f49bf646) Importer(815301076,1909f56bfc062723c751e8b465ee728b)
Start importing Assets/Scenes/Bar.mat using Guid(24199f3d4f18e90478557eb0f49bf646) Importer(815301076,1909f56bfc062723c751e8b465ee728b)  -> (artifact id: '5fe0efc1fb04ddc760f179541370a85f') in 0.104718 seconds
Number of updated asset objects reloaded before import = 0
Number of asset objects unloaded after import = 5
========================================================================
Received Import Request.
  Time since last request: 0.001952 seconds.
  path: Assets/Scenes/Door.mat
  artifactKey: Guid(c2b4304799d7fcf439ad235bc187b80a) Importer(815301076,1909f56bfc062723c751e8b465ee728b)
Start importing Assets/Scenes/Door.mat using Guid(c2b4304799d7fcf439ad235bc187b80a) Importer(815301076,1909f56bfc062723c751e8b465ee728b)  -> (artifact id: '9045ac2e1cb6914c351d3293dbe58057') in 0.076472 seconds
Number of updated asset objects reloaded before import = 0
Number of asset objects unloaded after import = 6
========================================================================
Received Import Request.
  Time since last request: 0.000146 seconds.
  path: Assets/Scenes/Box1.mat
  artifactKey: Guid(3f8be2644d92f7f409602df89523a244) Importer(815301076,1909f56bfc062723c751e8b465ee728b)
Start importing Assets/Scenes/Box1.mat using Guid(3f8be2644d92f7f409602df89523a244) Importer(815301076,1909f56bfc062723c751e8b465ee728b)  -> (artifact id: '520260609fb731f4d9cd62660e0bdea3') in 0.211081 seconds
Number of updated asset objects reloaded before import = 0
Number of asset objects unloaded after import = 6
========================================================================
Received Import Request.
  Time since last request: 0.005489 seconds.
  path: Assets/Scenes/Floor1.mat
  artifactKey: Guid(1debfb34e2d9e514a84dfc494ddce39c) Importer(815301076,1909f56bfc062723c751e8b465ee728b)
Start importing Assets/Scenes/Floor1.mat using Guid(1debfb34e2d9e514a84dfc494ddce39c) Importer(815301076,1909f56bfc062723c751e8b465ee728b)  -> (artifact id: '6b4ee376b2d63b5f5a1b5bdf73ab09cc') in 0.065019 seconds
Number of updated asset objects reloaded before import = 0
Number of asset objects unloaded after import = 5
========================================================================
Received Import Request.
  Time since last request: 73.042215 seconds.
  path: Assets/Sci Fi Modular Pack/Textures/Floor1/Floor1_DefaultMaterial_AlbedoTransparency.png
  artifactKey: Guid(807970f78b2864b3888f34a25382929c) Importer(815301076,1909f56bfc062723c751e8b465ee728b)
Start importing Assets/Sci Fi Modular Pack/Textures/Floor1/Floor1_DefaultMaterial_AlbedoTransparency.png using Guid(807970f78b2864b3888f34a25382929c) Importer(815301076,1909f56bfc062723c751e8b465ee728b)  -> (artifact id: '71038eaf36b256f39cea6aaeafd79d6d') in 0.251924 seconds
Number of updated asset objects reloaded before import = 0
Number of asset objects unloaded after import = 2
========================================================================
Received Import Request.
  Time since last request: 0.000027 seconds.
  path: Assets/Sci Fi Modular Pack/Textures/Floor1/Floor1_DefaultMaterial_Normal.png
  artifactKey: Guid(ef67b2acd3bbf4da184eea6f7d8175f7) Importer(815301076,1909f56bfc062723c751e8b465ee728b)
Start importing Assets/Sci Fi Modular Pack/Textures/Floor1/Floor1_DefaultMaterial_Normal.png using Guid(ef67b2acd3bbf4da184eea6f7d8175f7) Importer(815301076,1909f56bfc062723c751e8b465ee728b)  -> (artifact id: 'dc8e4f24a1e54cc26b9dbf9afd251090') in 0.367112 seconds
Number of updated asset objects reloaded before import = 0
Number of asset objects unloaded after import = 2
========================================================================
Received Import Request.
  Time since last request: 0.008447 seconds.
  path: Assets/Sci Fi Modular Pack/Textures/Floor1/Floor1_DefaultMaterial_AO.png
  artifactKey: Guid(d41bd5e5bae454487afc663556588a11) Importer(815301076,1909f56bfc062723c751e8b465ee728b)
Start importing Assets/Sci Fi Modular Pack/Textures/Floor1/Floor1_DefaultMaterial_AO.png using Guid(d41bd5e5bae454487afc663556588a11) Importer(815301076,1909f56bfc062723c751e8b465ee728b)  -> (artifact id: 'dbada77a7b89ac221908a0dce3021071') in 0.347126 seconds
Number of updated asset objects reloaded before import = 0
Number of asset objects unloaded after import = 2
========================================================================
Received Import Request.
  Time since last request: 0.003786 seconds.
  path: Assets/Sci Fi Modular Pack/Textures/Floor1/Floor1_DefaultMaterial_MetallicSmoothness.png
  artifactKey: Guid(4bfe8b5a001ce43af81b9f3109d40f70) Importer(815301076,1909f56bfc062723c751e8b465ee728b)
Start importing Assets/Sci Fi Modular Pack/Textures/Floor1/Floor1_DefaultMaterial_MetallicSmoothness.png using Guid(4bfe8b5a001ce43af81b9f3109d40f70) Importer(815301076,1909f56bfc062723c751e8b465ee728b)  -> (artifact id: 'e1243535c40afbcae3cf4b132ba963e5') in 0.158791 seconds
Number of updated asset objects reloaded before import = 0
Number of asset objects unloaded after import = 2
========================================================================
Received Import Request.
  Time since last request: 62.687112 seconds.
  path: Assets/Scenes/SampleScene.unity
  artifactKey: Guid(9fc0d4010bbf28b4594072e72b8655ab) Importer(815301076,1909f56bfc062723c751e8b465ee728b)
Start importing Assets/Scenes/SampleScene.unity using Guid(9fc0d4010bbf28b4594072e72b8655ab) Importer(815301076,1909f56bfc062723c751e8b465ee728b)  -> (artifact id: '2ae7285c93d31a65459ddbe5def13c37') in 0.017453 seconds
Number of updated asset objects reloaded before import = 0
Number of asset objects unloaded after import = 0
